<?xml version="1.0" encoding="UTF-8"?>
<coverage generated="1684763759174" clover="3.2.0">
  <project timestamp="1684763759174" name="All files">
    <metrics statements="29" coveredstatements="29" conditionals="5" coveredconditionals="5" methods="13" coveredmethods="13" elements="47" coveredelements="47" complexity="0" loc="29" ncloc="29" packages="1" files="3" classes="3"/>
    <file name="cashMachine.js" path="/Users/mattjones/Documents/GitHub/bank-tech-test/src/cashMachine.js">
      <metrics statements="16" coveredstatements="16" conditionals="4" coveredconditionals="4" methods="6" coveredmethods="6"/>
      <line num="3" count="15" type="stmt"/>
      <line num="4" count="15" type="stmt"/>
      <line num="8" count="17" type="stmt"/>
      <line num="10" count="17" type="stmt"/>
      <line num="15" count="17" type="stmt"/>
      <line num="19" count="13" type="stmt"/>
      <line num="23" count="6" type="stmt"/>
      <line num="27" count="17" type="stmt"/>
      <line num="28" count="17" type="stmt"/>
      <line num="32" count="9" type="cond" truecount="2" falsecount="0"/>
      <line num="33" count="7" type="stmt"/>
      <line num="34" count="7" type="stmt"/>
      <line num="38" count="2" type="stmt"/>
      <line num="39" count="2" type="stmt"/>
      <line num="40" count="2" type="stmt"/>
      <line num="45" count="2" type="stmt"/>
    </file>
    <file name="integration.js" path="/Users/mattjones/Documents/GitHub/bank-tech-test/src/integration.js">
      <metrics statements="8" coveredstatements="8" conditionals="0" coveredconditionals="0" methods="4" coveredmethods="4"/>
      <line num="1" count="1" type="stmt"/>
      <line num="2" count="1" type="stmt"/>
      <line num="6" count="1" type="stmt"/>
      <line num="7" count="1" type="stmt"/>
      <line num="11" count="3" type="stmt"/>
      <line num="15" count="1" type="stmt"/>
      <line num="19" count="1" type="stmt"/>
      <line num="23" count="1" type="stmt"/>
    </file>
    <file name="statementPrinter.js" path="/Users/mattjones/Documents/GitHub/bank-tech-test/src/statementPrinter.js">
      <metrics statements="5" coveredstatements="5" conditionals="1" coveredconditionals="1" methods="3" coveredmethods="3"/>
      <line num="3" count="6" type="stmt"/>
      <line num="7" count="5" type="stmt"/>
      <line num="8" count="5" type="stmt"/>
      <line num="9" count="11" type="stmt"/>
      <line num="14" count="2" type="stmt"/>
    </file>
  </project>
</coverage>
