{"/Users/mattjones/Documents/GitHub/bank-tech-test/src/cashMachine.js": {"path":"/Users/mattjones/Documents/GitHub/bank-tech-test/src/cashMachine.js","statementMap":{"0":{"start":{"line":3,"column":4},"end":{"line":3,"column":23}},"1":{"start":{"line":4,"column":4},"end":{"line":4,"column":27}},"2":{"start":{"line":8,"column":17},"end":{"line":8,"column":27}},"3":{"start":{"line":10,"column":4},"end":{"line":14,"column":5}},"4":{"start":{"line":15,"column":4},"end":{"line":15,"column":73}},"5":{"start":{"line":19,"column":4},"end":{"line":19,"column":24}},"6":{"start":{"line":23,"column":4},"end":{"line":23,"column":29}},"7":{"start":{"line":27,"column":4},"end":{"line":27,"column":26}},"8":{"start":{"line":28,"column":4},"end":{"line":28,"column":95}},"9":{"start":{"line":32,"column":4},"end":{"line":41,"column":5}},"10":{"start":{"line":33,"column":6},"end":{"line":33,"column":28}},"11":{"start":{"line":34,"column":6},"end":{"line":34,"column":97}},"12":{"start":{"line":38,"column":23},"end":{"line":38,"column":35}},"13":{"start":{"line":39,"column":6},"end":{"line":39,"column":31}},"14":{"start":{"line":40,"column":6},"end":{"line":40,"column":100}},"15":{"start":{"line":45,"column":0},"end":{"line":45,"column":29}}},"fnMap":{"0":{"name":"(anonymous_0)","decl":{"start":{"line":2,"column":2},"end":{"line":2,"column":3}},"loc":{"start":{"line":2,"column":16},"end":{"line":5,"column":3}},"line":2},"1":{"name":"(anonymous_1)","decl":{"start":{"line":7,"column":2},"end":{"line":7,"column":3}},"loc":{"start":{"line":7,"column":15},"end":{"line":16,"column":3}},"line":7},"2":{"name":"(anonymous_2)","decl":{"start":{"line":18,"column":2},"end":{"line":18,"column":3}},"loc":{"start":{"line":18,"column":16},"end":{"line":20,"column":3}},"line":18},"3":{"name":"(anonymous_3)","decl":{"start":{"line":22,"column":2},"end":{"line":22,"column":3}},"loc":{"start":{"line":22,"column":21},"end":{"line":24,"column":3}},"line":22},"4":{"name":"(anonymous_4)","decl":{"start":{"line":26,"column":2},"end":{"line":26,"column":3}},"loc":{"start":{"line":26,"column":48},"end":{"line":29,"column":3}},"line":26},"5":{"name":"(anonymous_5)","decl":{"start":{"line":31,"column":2},"end":{"line":31,"column":3}},"loc":{"start":{"line":31,"column":49},"end":{"line":42,"column":3}},"line":31}},"branchMap":{"0":{"loc":{"start":{"line":26,"column":22},"end":{"line":26,"column":46}},"type":"default-arg","locations":[{"start":{"line":26,"column":29},"end":{"line":26,"column":46}}],"line":26},"1":{"loc":{"start":{"line":31,"column":23},"end":{"line":31,"column":47}},"type":"default-arg","locations":[{"start":{"line":31,"column":30},"end":{"line":31,"column":47}}],"line":31},"2":{"loc":{"start":{"line":32,"column":4},"end":{"line":41,"column":5}},"type":"if","locations":[{"start":{"line":32,"column":4},"end":{"line":41,"column":5}},{"start":{"line":35,"column":11},"end":{"line":41,"column":5}}],"line":32}},"s":{"0":14,"1":14,"2":13,"3":13,"4":13,"5":13,"6":5,"7":14,"8":14,"9":8,"10":6,"11":6,"12":2,"13":2,"14":2,"15":2},"f":{"0":14,"1":13,"2":13,"3":5,"4":14,"5":8},"b":{"0":[8],"1":[5],"2":[6,2]},"_coverageSchema":"1a1c01bbd47fc00a2c39e90264f33305004495a9","hash":"b7c3c306dc1e176a3aa365a6d72c29faf4daa4ea"}
,"/Users/mattjones/Documents/GitHub/bank-tech-test/src/statementPrinter.js": {"path":"/Users/mattjones/Documents/GitHub/bank-tech-test/src/statementPrinter.js","statementMap":{"0":{"start":{"line":3,"column":4},"end":{"line":3,"column":88}},"1":{"start":{"line":7,"column":4},"end":{"line":7,"column":54}},"2":{"start":{"line":8,"column":4},"end":{"line":10,"column":7}},"3":{"start":{"line":9,"column":6},"end":{"line":9,"column":93}},"4":{"start":{"line":14,"column":0},"end":{"line":14,"column":34}}},"fnMap":{"0":{"name":"(anonymous_0)","decl":{"start":{"line":2,"column":2},"end":{"line":2,"column":3}},"loc":{"start":{"line":2,"column":16},"end":{"line":4,"column":3}},"line":2},"1":{"name":"(anonymous_1)","decl":{"start":{"line":6,"column":2},"end":{"line":6,"column":3}},"loc":{"start":{"line":6,"column":51},"end":{"line":11,"column":3}},"line":6},"2":{"name":"(anonymous_2)","decl":{"start":{"line":8,"column":35},"end":{"line":8,"column":36}},"loc":{"start":{"line":8,"column":43},"end":{"line":10,"column":5}},"line":8}},"branchMap":{"0":{"loc":{"start":{"line":6,"column":17},"end":{"line":6,"column":49}},"type":"default-arg","locations":[{"start":{"line":6,"column":32},"end":{"line":6,"column":49}}],"line":6}},"s":{"0":5,"1":4,"2":4,"3":7,"4":2},"f":{"0":5,"1":4,"2":7},"b":{"0":[1]},"_coverageSchema":"1a1c01bbd47fc00a2c39e90264f33305004495a9","hash":"dbce5f64aaf7b4365bd0021d0f699251ab76ac02"}
}
