TN:
SF:src/cashMachine.js
FN:2,(anonymous_0)
FN:7,(anonymous_1)
FN:18,(anonymous_2)
FN:22,(anonymous_3)
FN:26,(anonymous_4)
FN:31,(anonymous_5)
FNF:6
FNH:6
FNDA:15,(anonymous_0)
FNDA:17,(anonymous_1)
FNDA:13,(anonymous_2)
FNDA:6,(anonymous_3)
FNDA:17,(anonymous_4)
FNDA:9,(anonymous_5)
DA:3,15
DA:4,15
DA:8,17
DA:10,17
DA:15,17
DA:19,13
DA:23,6
DA:27,17
DA:28,17
DA:32,9
DA:33,7
DA:34,7
DA:38,2
DA:39,2
DA:40,2
DA:45,2
LF:16
LH:16
BRDA:26,0,0,11
BRDA:31,1,0,6
BRDA:32,2,0,7
BRDA:32,2,1,2
BRF:4
BRH:4
end_of_record
TN:
SF:src/integration.js
FN:5,(anonymous_0)
FN:10,(anonymous_1)
FN:14,(anonymous_2)
FN:18,(anonymous_3)
FNF:4
FNH:4
FNDA:1,(anonymous_0)
FNDA:3,(anonymous_1)
FNDA:1,(anonymous_2)
FNDA:1,(anonymous_3)
DA:1,1
DA:2,1
DA:6,1
DA:7,1
DA:11,3
DA:15,1
DA:19,1
DA:23,1
LF:8
LH:8
BRF:0
BRH:0
end_of_record
TN:
SF:src/statementPrinter.js
FN:2,(anonymous_0)
FN:6,(anonymous_1)
FN:8,(anonymous_2)
FNF:3
FNH:3
FNDA:6,(anonymous_0)
FNDA:5,(anonymous_1)
FNDA:11,(anonymous_2)
DA:3,6
DA:7,5
DA:8,5
DA:9,11
DA:14,2
LF:5
LH:5
BRDA:6,0,0,1
BRF:1
BRH:1
end_of_record
