TN:
SF:src/cashMachine.js
FN:2,(anonymous_0)
FN:7,(anonymous_1)
FN:18,(anonymous_2)
FN:22,(anonymous_3)
FN:26,(anonymous_4)
FN:31,(anonymous_5)
FNF:6
FNH:6
FNDA:14,(anonymous_0)
FNDA:13,(anonymous_1)
FNDA:13,(anonymous_2)
FNDA:5,(anonymous_3)
FNDA:14,(anonymous_4)
FNDA:8,(anonymous_5)
DA:3,14
DA:4,14
DA:8,13
DA:10,13
DA:15,13
DA:19,13
DA:23,5
DA:27,14
DA:28,14
DA:32,8
DA:33,6
DA:34,6
DA:38,2
DA:39,2
DA:40,2
DA:45,2
LF:16
LH:16
BRDA:26,0,0,8
BRDA:31,1,0,5
BRDA:32,2,0,6
BRDA:32,2,1,2
BRF:4
BRH:4
end_of_record
TN:
SF:src/statementPrinter.js
FN:2,(anonymous_0)
FN:6,(anonymous_1)
FN:8,(anonymous_2)
FNF:3
FNH:3
FNDA:5,(anonymous_0)
FNDA:4,(anonymous_1)
FNDA:7,(anonymous_2)
DA:3,5
DA:7,4
DA:8,4
DA:9,7
DA:14,2
LF:5
LH:5
BRDA:6,0,0,1
BRF:1
BRH:1
end_of_record
